<?xml version="1.0" encoding="UTF-8"?>
<!-- Generated by org.testng.reporters.JUnitXMLReporter -->
<testsuite hostname="XAV-101000616" name="Test" tests="6" failures="0" timestamp="15 Nov 2016 13:06:53 GMT" time="9.22" errors="0">
  <testcase name="testGoogleHome" time="2.158" classname="report.test.google.VerifyGoogleHome"/>
  <testcase name="testGoogleWithSearch" time="0.679" classname="report.test.google.VerifyGoogleHome"/>
  <testcase name="testGoogleWithSearch" time="0.925" classname="report.test.google.VerifyGoogleHome"/>
  <testcase name="testGoogleWithSearch" time="0.564" classname="report.test.google.VerifyGoogleHome"/>
  <testcase name="testGoogleWithSearch" time="0.656" classname="report.test.google.VerifyGoogleHome"/>
  <testcase name="testGoogleWithSearch" time="0.759" classname="report.test.google.VerifyGoogleHome"/>
</testsuite> <!-- Test -->
