<?xml version="1.0" encoding="UTF-8"?>
<!-- Generated by org.testng.reporters.JUnitXMLReporter -->
<testsuite hostname="XAV-101000616" name="Google Test" tests="11" failures="0" timestamp="5 Dec 2016 08:54:39 GMT" time="38.219" errors="0">
  <testcase name="googleSearchVerifyTextTestq" time="2.44" classname="com.xavient.framework.WebApplicationSuite.googleSearchTest">
    <skipped/>
  </testcase> <!-- googleSearchVerifyTextTestq -->
  <testcase name="googleSearchVerifyTextTest" time="2.41" classname="com.xavient.framework.WebApplicationSuite.googleSearchTest">
    <skipped/>
  </testcase> <!-- googleSearchVerifyTextTest -->
  <testcase name="googleSearchVerifyTextTestq" time="2.124" classname="com.xavient.framework.WebApplicationSuite.googleSearchTest">
    <skipped/>
  </testcase> <!-- googleSearchVerifyTextTestq -->
  <testcase name="googleSearchVerifyTextTest" time="2.223" classname="com.xavient.framework.WebApplicationSuite.googleSearchTest">
    <skipped/>
  </testcase> <!-- googleSearchVerifyTextTest -->
  <testcase name="googleSearchVerifyTextTestq" time="2.139" classname="com.xavient.framework.WebApplicationSuite.googleSearchTest">
    <skipped/>
  </testcase> <!-- googleSearchVerifyTextTestq -->
  <testcase name="googleSearchVerifyTextTest" time="2.148" classname="com.xavient.framework.WebApplicationSuite.googleSearchTest">
    <skipped/>
  </testcase> <!-- googleSearchVerifyTextTest -->
  <testcase name="googleSearchVerifyTextTestqw" time="2.107" classname="com.xavient.framework.WebApplicationSuite.googleSearchTest">
    <skipped/>
  </testcase> <!-- googleSearchVerifyTextTestqw -->
  <testcase name="googleSearchVerifyTextTestqw" time="2.146" classname="com.xavient.framework.WebApplicationSuite.googleSearchTest">
    <skipped/>
  </testcase> <!-- googleSearchVerifyTextTestqw -->
  <testcase name="googleSearchVerifyTextTestqw" time="2.17" classname="com.xavient.framework.WebApplicationSuite.googleSearchTest">
    <skipped/>
  </testcase> <!-- googleSearchVerifyTextTestqw -->
  <testcase name="googleSearchTest" time="13.591" classname="com.xavient.framework.WebApplicationSuite.googleSearchTest"/>
  <testcase name="googleSearchTest" time="0.038" classname="com.xavient.framework.WebApplicationSuite.googleSearchTest">
    <skipped/>
  </testcase> <!-- googleSearchTest -->
</testsuite> <!-- Google Test -->
