<?xml version="1.0" encoding="UTF-8"?>
<!-- Generated by org.testng.reporters.JUnitXMLReporter -->
<testsuite hostname="XAV-101000616" ignored="4" name="Rest test" tests="3" failures="0" timestamp="27 Jan 2017 12:48:02 GMT" time="5.062" errors="0">
  <testcase name="view1ListData" time="0.083" classname="api.rest.testscript.TestView1"/>
  <testcase name="view2verifyDetails" time="0.051" classname="api.rest.testscript.TestView2"/>
  <testcase name="view1ListData" time="1.804" classname="api.rest.testscript.GetFilterDropdownValues"/>
  <testcase name="view1SingleData" time="0.0" classname="api.rest.testscript.TestView1">
    <ignored/>
  </testcase> <!-- view1SingleData -->
  <testcase name="view2testStatus" time="0.0" classname="api.rest.testscript.TestView2">
    <ignored/>
  </testcase> <!-- view2testStatus -->
  <testcase name="filterDropDownValueStatus" time="0.0" classname="api.rest.testscript.GetFilterDropdownValues">
    <ignored/>
  </testcase> <!-- filterDropDownValueStatus -->
  <testcase name="view1Status" time="0.0" classname="api.rest.testscript.TestView1">
    <ignored/>
  </testcase> <!-- view1Status -->
</testsuite> <!-- Rest test -->
