<?xml version="1.0" encoding="UTF-8"?>
<testng-results skipped="0" failed="0" total="1" passed="1">
  <reporter-output>
  </reporter-output>
  <suite name="Default suite" duration-ms="18223" started-at="2016-11-10T11:05:28Z" finished-at="2016-11-10T11:05:46Z">
    <groups>
    </groups>
    <test name="Default test" duration-ms="18223" started-at="2016-11-10T11:05:28Z" finished-at="2016-11-10T11:05:46Z">
      <class name="com.test.webdriver.TestFF">
        <test-method status="PASS" signature="setUp()[pri:0, instance:com.test.webdriver.TestFF@675d3402]" name="setUp" duration-ms="17973" started-at="2016-11-10T16:35:28Z" finished-at="2016-11-10T16:35:46Z">
          <reporter-output>
          </reporter-output>
        </test-method> <!-- setUp -->
      </class> <!-- com.test.webdriver.TestFF -->
    </test> <!-- Default test -->
  </suite> <!-- Default suite -->
</testng-results>
