<?xml version="1.0" encoding="UTF-8"?>
<!-- Generated by org.testng.reporters.JUnitXMLReporter -->
<testsuite hostname="XAV-101000616" name="Google Test" tests="11" failures="0" timestamp="6 Dec 2016 06:17:26 GMT" time="44.937" errors="0">
  <testcase name="googleSearchVerifyTextTest" time="1.354" classname="com.xavient.framework.WebApplicationSuite.googleSearchTest">
    <skipped/>
  </testcase> <!-- googleSearchVerifyTextTest -->
  <testcase name="googleSearchVerifyTextTestq" time="1.354" classname="com.xavient.framework.WebApplicationSuite.googleSearchTest">
    <skipped/>
  </testcase> <!-- googleSearchVerifyTextTestq -->
  <testcase name="googleSearchVerifyTextTestq" time="1.218" classname="com.xavient.framework.WebApplicationSuite.googleSearchTest">
    <skipped/>
  </testcase> <!-- googleSearchVerifyTextTestq -->
  <testcase name="googleSearchVerifyTextTest" time="1.22" classname="com.xavient.framework.WebApplicationSuite.googleSearchTest">
    <skipped/>
  </testcase> <!-- googleSearchVerifyTextTest -->
  <testcase name="googleSearchVerifyTextTest" time="1.135" classname="com.xavient.framework.WebApplicationSuite.googleSearchTest">
    <skipped/>
  </testcase> <!-- googleSearchVerifyTextTest -->
  <testcase name="googleSearchVerifyTextTestq" time="1.186" classname="com.xavient.framework.WebApplicationSuite.googleSearchTest">
    <skipped/>
  </testcase> <!-- googleSearchVerifyTextTestq -->
  <testcase name="googleSearchVerifyTextTestqw" time="1.082" classname="com.xavient.framework.WebApplicationSuite.googleSearchTest">
    <skipped/>
  </testcase> <!-- googleSearchVerifyTextTestqw -->
  <testcase name="googleSearchVerifyTextTestqw" time="1.079" classname="com.xavient.framework.WebApplicationSuite.googleSearchTest">
    <skipped/>
  </testcase> <!-- googleSearchVerifyTextTestqw -->
  <testcase name="googleSearchVerifyTextTestqw" time="1.082" classname="com.xavient.framework.WebApplicationSuite.googleSearchTest">
    <skipped/>
  </testcase> <!-- googleSearchVerifyTextTestqw -->
  <testcase name="googleSearchTest" time="13.191" classname="com.xavient.framework.WebApplicationSuite.googleSearchTest"/>
  <testcase name="googleSearchTest" time="13.141" classname="com.xavient.framework.WebApplicationSuite.googleSearchTest"/>
</testsuite> <!-- Google Test -->
