<?xml version="1.0" encoding="UTF-8"?>
<testng-results skipped="0" failed="0" ignored="1" total="2" passed="1">
  <reporter-output>
  </reporter-output>
  <suite name="Default suite" duration-ms="2086" started-at="2017-01-27T12:59:13Z" finished-at="2017-01-27T12:59:15Z">
    <groups>
    </groups>
    <test name="Default test" duration-ms="2086" started-at="2017-01-27T12:59:13Z" finished-at="2017-01-27T12:59:15Z">
      <class name="api.rest.testscript.GetFilterDropdownValues">
        <test-method status="PASS" signature="getResponse()[pri:0, instance:api.rest.testscript.GetFilterDropdownValues@14acaea5]" name="getResponse" is-config="true" duration-ms="1162" started-at="2017-01-27T18:29:13Z" finished-at="2017-01-27T18:29:14Z">
          <reporter-output>
          </reporter-output>
        </test-method> <!-- getResponse -->
        <test-method status="PASS" signature="view1ListData()[pri:0, instance:api.rest.testscript.GetFilterDropdownValues@14acaea5]" name="view1ListData" duration-ms="907" started-at="2017-01-27T18:29:14Z" finished-at="2017-01-27T18:29:15Z">
          <reporter-output>
          </reporter-output>
        </test-method> <!-- view1ListData -->
      </class> <!-- api.rest.testscript.GetFilterDropdownValues -->
    </test> <!-- Default test -->
  </suite> <!-- Default suite -->
</testng-results>
