<?xml version="1.0" encoding="UTF-8"?>
<!-- Generated by org.testng.reporters.JUnitXMLReporter -->
<testsuite hostname="XAV-101000616" ignored="1" name="Default test" tests="1" failures="0" timestamp="27 Jan 2017 12:59:15 GMT" time="2.086" errors="0">
  <testcase name="view1ListData" time="0.907" classname="api.rest.testscript.GetFilterDropdownValues"/>
  <testcase name="filterDropDownValueStatus" time="0.0" classname="api.rest.testscript.GetFilterDropdownValues">
    <ignored/>
  </testcase> <!-- filterDropDownValueStatus -->
</testsuite> <!-- Default test -->
