<?xml version="1.0" encoding="UTF-8"?>
<!-- Generated by org.testng.reporters.JUnitXMLReporter -->
<testsuite hostname="XAV-101000616" name="Default test" tests="6" failures="0" timestamp="15 Nov 2016 13:05:35 GMT" time="8.967" errors="0">
  <testcase name="testGoogleHome" time="2.78" classname="report.test.google.VerifyGoogleHome"/>
  <testcase name="testGoogleWithSearch" time="0.613" classname="report.test.google.VerifyGoogleHome"/>
  <testcase name="testGoogleWithSearch" time="0.732" classname="report.test.google.VerifyGoogleHome"/>
  <testcase name="testGoogleWithSearch" time="0.558" classname="report.test.google.VerifyGoogleHome"/>
  <testcase name="testGoogleWithSearch" time="0.705" classname="report.test.google.VerifyGoogleHome"/>
  <testcase name="testGoogleWithSearch" time="0.657" classname="report.test.google.VerifyGoogleHome"/>
</testsuite> <!-- Default test -->
