<?xml version="1.0" encoding="UTF-8"?>
<!-- Generated by org.testng.reporters.JUnitXMLReporter -->
<testsuite hostname="XEN-769" name="Default test" tests="11" failures="0" timestamp="20 May 2016 05:35:27 GMT" time="92.391" errors="0">
  <testcase name="googleSearchTest" time="0.063" classname="com.xavient.framework.WebApplicationSuite.googleSearchTest">
    <skipped/>
  </testcase> <!-- googleSearchTest -->
  <testcase name="googleSearchTest" time="13.268" classname="com.xavient.framework.WebApplicationSuite.googleSearchTest"/>
  <testcase name="googleSearchVerifyTextTest" time="14.953" classname="com.xavient.framework.WebApplicationSuite.googleSearchTest"/>
  <testcase name="googleSearchVerifyTextTest" time="16.124" classname="com.xavient.framework.WebApplicationSuite.googleSearchTest"/>
  <testcase name="googleSearchVerifyTextTest" time="18.982" classname="com.xavient.framework.WebApplicationSuite.googleSearchTest"/>
  <testcase name="googleSearchVerifyTextTestq" time="5.207" classname="com.xavient.framework.WebApplicationSuite.googleSearchTest"/>
  <testcase name="googleSearchVerifyTextTestq" time="0.018" classname="com.xavient.framework.WebApplicationSuite.googleSearchTest">
    <skipped/>
  </testcase> <!-- googleSearchVerifyTextTestq -->
  <testcase name="googleSearchVerifyTextTestq" time="5.465" classname="com.xavient.framework.WebApplicationSuite.googleSearchTest"/>
  <testcase name="googleSearchVerifyTextTestqw" time="0.021" classname="com.xavient.framework.WebApplicationSuite.googleSearchTest">
    <skipped/>
  </testcase> <!-- googleSearchVerifyTextTestqw -->
  <testcase name="googleSearchVerifyTextTestqw" time="16.522" classname="com.xavient.framework.WebApplicationSuite.googleSearchTest"/>
  <testcase name="googleSearchVerifyTextTestqw" time="0.02" classname="com.xavient.framework.WebApplicationSuite.googleSearchTest">
    <skipped/>
  </testcase> <!-- googleSearchVerifyTextTestqw -->
</testsuite> <!-- Default test -->
