<?xml version="1.0" encoding="UTF-8"?>
<!-- Generated by org.testng.reporters.JUnitXMLReporter -->
<testsuite hostname="XAV-101000616" ignored="3" name="Default test" tests="1" failures="0" timestamp="06 Jan 2017 10:30:45 GMT" time="1.997" errors="0">
  <testcase name="getAPITest" time="1.98" classname="testscripts.TestCox"/>
  <testcase name="testView1" time="0.0" classname="testscripts.TestCox">
    <ignored/>
  </testcase> <!-- testView1 -->
  <testcase name="testView3" time="0.0" classname="testscripts.TestCox">
    <ignored/>
  </testcase> <!-- testView3 -->
  <testcase name="testView1Xpath" time="0.0" classname="testscripts.TestCox">
    <ignored/>
  </testcase> <!-- testView1Xpath -->
</testsuite> <!-- Default test -->
