<?xml version="1.0" encoding="UTF-8"?>
<testng-results skipped="0" failed="0" total="1" passed="1">
  <reporter-output>
  </reporter-output>
  <suite name="Default suite" duration-ms="590" started-at="2017-01-25T06:30:45Z" finished-at="2017-01-25T06:30:46Z">
    <groups>
    </groups>
    <test name="Default test" duration-ms="590" started-at="2017-01-25T06:30:45Z" finished-at="2017-01-25T06:30:46Z">
      <class name="com.chirag.seleniumframework.testscripts.RunTest">
        <test-method status="PASS" signature="runTestScript()[pri:0, instance:com.chirag.seleniumframework.testscripts.RunTest@55f3ddb1]" name="runTestScript" duration-ms="576" started-at="2017-01-25T12:00:45Z" finished-at="2017-01-25T12:00:46Z">
          <reporter-output>
          </reporter-output>
        </test-method> <!-- runTestScript -->
      </class> <!-- com.chirag.seleniumframework.testscripts.RunTest -->
    </test> <!-- Default test -->
  </suite> <!-- Default suite -->
</testng-results>
