<?xml version="1.0" encoding="UTF-8"?>
<testng-results skipped="0" failed="0" ignored="3" total="4" passed="1">
  <reporter-output>
  </reporter-output>
  <suite name="Default suite" duration-ms="1997" started-at="2017-01-06T10:30:43Z" finished-at="2017-01-06T10:30:45Z">
    <groups>
    </groups>
    <test name="Default test" duration-ms="1997" started-at="2017-01-06T10:30:43Z" finished-at="2017-01-06T10:30:45Z">
      <class name="testscripts.TestCox">
        <test-method status="PASS" signature="getAPITest()[pri:0, instance:testscripts.TestCox@643b1d11]" name="getAPITest" duration-ms="1980" started-at="2017-01-06T16:00:43Z" finished-at="2017-01-06T16:00:45Z">
          <reporter-output>
          </reporter-output>
        </test-method> <!-- getAPITest -->
      </class> <!-- testscripts.TestCox -->
    </test> <!-- Default test -->
  </suite> <!-- Default suite -->
</testng-results>
