<?xml version="1.0" encoding="UTF-8"?>
<testsuite xmlns:xsi="http://www.w3.org/2001/XMLSchema-instance" xsi:schemaLocation="https://maven.apache.org/surefire/maven-surefire-plugin/xsd/surefire-test-report.xsd" name="TestSuite" time="45.541" tests="11" errors="0" skipped="9" failures="0">
  <properties>
[...]
</properties>
  <testcase name="googleSearchVerifyTextTest" classname="com.xavient.framework.WebApplicationSuite.googleSearchTest" time="0">
    <skipped/>
    <system-out><![CDATA[[TestNGContentHandler] [WARN] It is strongly recommended to add "<!DOCTYPE suite SYSTEM "http://testng.org/testng-1.0.dtd" >" at the top of your file, otherwise TestNG may fail or not work as expected.
googleSearchTest
1----------------------------Screen Function
Total rows=========== 3
googleSearchVerifyTextTest
6----------------------------Screen Function
Total rows=========== 4
googleSearchVerifyTextTestq
12----------------------------Screen Function
Total rows=========== 4
googleSearchVerifyTextTestqw
18----------------------------Screen Function
Total rows=========== 4
googleSearchTest
Runmode
Y
Y
googleSearchVerifyTextTest
Runmode
Y
N
Iteration no. 2
counter    5
true---------------SKIP Function----------------- 2
true---------------SKIP Function----------------- 2
true---------------SKIP Function----------------- 2
true---------------SKIP Function----------------- 2
true---------------SKIP Function----------------- 2
true---------------SKIP Function----------------- 2
N
Iteration no. 3
counter    5
true---------------SKIP Function----------------- 3
true---------------SKIP Function----------------- 3
true---------------SKIP Function----------------- 3
true---------------SKIP Function----------------- 3
true---------------SKIP Function----------------- 3
true---------------SKIP Function----------------- 3
googleSearchVerifyTextTestq
Runmode
Y
N
Iteration no. 2
counter    11
true---------------SKIP Function----------------- 2
true---------------SKIP Function----------------- 2
Y
googleSearchVerifyTextTestqw
Runmode
N
Iteration no. 1
counter    13
true---------------SKIP Function----------------- 1
true---------------SKIP Function----------------- 1
true---------------SKIP Function----------------- 1
true---------------SKIP Function----------------- 1
Y
N
Iteration no. 3
counter    13
true---------------SKIP Function----------------- 3
true---------------SKIP Function----------------- 3
true---------------SKIP Function----------------- 3
true---------------SKIP Function----------------- 3
googleSearchVerifyTextTestq
D:\Folder Strucure\Projects\Charter Communication\workspace\Core_Hybrid_Framework\executioninfo\input-data\webApplicationSuite.xlsx
googleSearchVerifyTextTest
D:\Folder Strucure\Projects\Charter Communication\workspace\Core_Hybrid_Framework\executioninfo\input-data\webApplicationSuite.xlsx
6
12
googleSearchTest
D:\Folder Strucure\Projects\Charter Communication\workspace\Core_Hybrid_Framework\executioninfo\input-data\webApplicationSuite.xlsx
1
openBrowser ---  --- Browser
Starting function openBrowser - mozilla
true
true
true
true
]]></system-out>
  </testcase>
  <testcase name="googleSearchVerifyTextTest" classname="com.xavient.framework.WebApplicationSuite.googleSearchTest" time="0">
    <skipped/>
    <system-out><![CDATA[true
true
true
true
]]></system-out>
  </testcase>
  <testcase name="googleSearchVerifyTextTest" classname="com.xavient.framework.WebApplicationSuite.googleSearchTest" time="0">
    <skipped/>
    <system-out><![CDATA[true
true
true
]]></system-out>
  </testcase>
  <testcase name="googleSearchVerifyTextTestq" classname="com.xavient.framework.WebApplicationSuite.googleSearchTest" time="0">
    <skipped/>
  </testcase>
  <testcase name="googleSearchVerifyTextTestq" classname="com.xavient.framework.WebApplicationSuite.googleSearchTest" time="0">
    <skipped/>
  </testcase>
  <testcase name="googleSearchVerifyTextTestq" classname="com.xavient.framework.WebApplicationSuite.googleSearchTest" time="0">
    <skipped/>
    <system-out><![CDATA[googleSearchVerifyTextTestqw
D:\Folder Strucure\Projects\Charter Communication\workspace\Core_Hybrid_Framework\executioninfo\input-data\webApplicationSuite.xlsx
true
18
]]></system-out>
  </testcase>
  <testcase name="googleSearchVerifyTextTestqw" classname="com.xavient.framework.WebApplicationSuite.googleSearchTest" time="0">
    <skipped/>
    <system-out><![CDATA[true
true
]]></system-out>
  </testcase>
  <testcase name="googleSearchVerifyTextTestqw" classname="com.xavient.framework.WebApplicationSuite.googleSearchTest" time="0">
    <skipped/>
    <system-out><![CDATA[true
true
]]></system-out>
  </testcase>
  <testcase name="googleSearchVerifyTextTestqw" classname="com.xavient.framework.WebApplicationSuite.googleSearchTest" time="0">
    <skipped/>
    <system-out><![CDATA[true
Ending  function openBrowser with status PASS
true
]]></system-out>
    <system-err><![CDATA[log4j:WARN No appenders could be found for logger (org.apache.http.client.protocol.RequestAddCookies).
log4j:WARN Please initialize the log4j system properly.
]]></system-err>
  </testcase>
  <testcase name="googleSearchTest" classname="com.xavient.framework.WebApplicationSuite.googleSearchTest" time="7.346"/>
  <testcase name="googleSearchTest" classname="com.xavient.framework.WebApplicationSuite.googleSearchTest" time="13.115"/>
</testsuite>